ERROR - 2023-01-22 22:18:35 --> Error connecting to the database: Access denied for user ''@'localhost' (using password: NO)
CRITICAL - 2023-01-22 22:18:35 --> Unable to connect to the database.
Main connection [MySQLi]: Access denied for user ''@'localhost' (using password: NO)
#0 C:\laragon\www\Neptune\system\Database\BaseConnection.php(625): CodeIgniter\Database\BaseConnection->initialize()
#1 C:\laragon\www\Neptune\system\Database\BaseBuilder.php(1881): CodeIgniter\Database\BaseConnection->query('SELECT *\nFROM `...', Array, false)
#2 C:\laragon\www\Neptune\system\Model.php(228): CodeIgniter\Database\BaseBuilder->get()
#3 C:\laragon\www\Neptune\system\BaseModel.php(644): CodeIgniter\Model->doFirst()
#4 C:\laragon\www\Neptune\app\Controllers\Users.php(190): CodeIgniter\BaseModel->first()
#5 C:\laragon\www\Neptune\system\CodeIgniter.php(928): App\Controllers\Users->connect()
#6 C:\laragon\www\Neptune\system\CodeIgniter.php(436): CodeIgniter\CodeIgniter->runController(Object(App\Controllers\Users))
#7 C:\laragon\www\Neptune\system\CodeIgniter.php(336): CodeIgniter\CodeIgniter->handleRequest(NULL, Object(Config\Cache), false)
#8 C:\laragon\www\Neptune\public\index.php(37): CodeIgniter\CodeIgniter->run()
#9 {main}
ERROR - 2023-01-22 22:21:16 --> Error connecting to the database: Access denied for user ''@'localhost' (using password: NO)
CRITICAL - 2023-01-22 22:21:16 --> Unable to connect to the database.
Main connection [MySQLi]: Access denied for user ''@'localhost' (using password: NO)
#0 C:\laragon\www\Neptune\system\Database\BaseConnection.php(625): CodeIgniter\Database\BaseConnection->initialize()
#1 C:\laragon\www\Neptune\system\Database\BaseBuilder.php(1881): CodeIgniter\Database\BaseConnection->query('SELECT *\nFROM `...', Array, false)
#2 C:\laragon\www\Neptune\system\Model.php(228): CodeIgniter\Database\BaseBuilder->get()
#3 C:\laragon\www\Neptune\system\BaseModel.php(644): CodeIgniter\Model->doFirst()
#4 C:\laragon\www\Neptune\app\Controllers\Users.php(190): CodeIgniter\BaseModel->first()
#5 C:\laragon\www\Neptune\system\CodeIgniter.php(928): App\Controllers\Users->connect()
#6 C:\laragon\www\Neptune\system\CodeIgniter.php(436): CodeIgniter\CodeIgniter->runController(Object(App\Controllers\Users))
#7 C:\laragon\www\Neptune\system\CodeIgniter.php(336): CodeIgniter\CodeIgniter->handleRequest(NULL, Object(Config\Cache), false)
#8 C:\laragon\www\Neptune\public\index.php(37): CodeIgniter\CodeIgniter->run()
#9 {main}
ERROR - 2023-01-22 22:22:25 --> Error connecting to the database: Access denied for user ''@'localhost' (using password: NO)
CRITICAL - 2023-01-22 22:22:25 --> Unable to connect to the database.
Main connection [MySQLi]: Access denied for user ''@'localhost' (using password: NO)
#0 C:\laragon\www\Neptune\system\Database\BaseConnection.php(625): CodeIgniter\Database\BaseConnection->initialize()
#1 C:\laragon\www\Neptune\system\Database\BaseBuilder.php(1881): CodeIgniter\Database\BaseConnection->query('SELECT *\nFROM `...', Array, false)
#2 C:\laragon\www\Neptune\system\Model.php(228): CodeIgniter\Database\BaseBuilder->get()
#3 C:\laragon\www\Neptune\system\BaseModel.php(644): CodeIgniter\Model->doFirst()
#4 C:\laragon\www\Neptune\app\Controllers\Users.php(190): CodeIgniter\BaseModel->first()
#5 C:\laragon\www\Neptune\system\CodeIgniter.php(928): App\Controllers\Users->connect()
#6 C:\laragon\www\Neptune\system\CodeIgniter.php(436): CodeIgniter\CodeIgniter->runController(Object(App\Controllers\Users))
#7 C:\laragon\www\Neptune\system\CodeIgniter.php(336): CodeIgniter\CodeIgniter->handleRequest(NULL, Object(Config\Cache), false)
#8 C:\laragon\www\Neptune\public\index.php(37): CodeIgniter\CodeIgniter->run()
#9 {main}
ERROR - 2023-01-22 22:22:42 --> Error connecting to the database: Access denied for user ''@'localhost' (using password: NO)
CRITICAL - 2023-01-22 22:22:42 --> Unable to connect to the database.
Main connection [MySQLi]: Access denied for user ''@'localhost' (using password: NO)
#0 C:\laragon\www\Neptune\system\Database\BaseConnection.php(625): CodeIgniter\Database\BaseConnection->initialize()
#1 C:\laragon\www\Neptune\system\Database\BaseBuilder.php(1881): CodeIgniter\Database\BaseConnection->query('SELECT *\nFROM `...', Array, false)
#2 C:\laragon\www\Neptune\system\Model.php(228): CodeIgniter\Database\BaseBuilder->get()
#3 C:\laragon\www\Neptune\system\BaseModel.php(644): CodeIgniter\Model->doFirst()
#4 C:\laragon\www\Neptune\app\Controllers\Users.php(190): CodeIgniter\BaseModel->first()
#5 C:\laragon\www\Neptune\system\CodeIgniter.php(928): App\Controllers\Users->connect()
#6 C:\laragon\www\Neptune\system\CodeIgniter.php(436): CodeIgniter\CodeIgniter->runController(Object(App\Controllers\Users))
#7 C:\laragon\www\Neptune\system\CodeIgniter.php(336): CodeIgniter\CodeIgniter->handleRequest(NULL, Object(Config\Cache), false)
#8 C:\laragon\www\Neptune\public\index.php(37): CodeIgniter\CodeIgniter->run()
#9 {main}
ERROR - 2023-01-22 22:22:47 --> Error connecting to the database: Access denied for user ''@'localhost' (using password: NO)
CRITICAL - 2023-01-22 22:22:47 --> Unable to connect to the database.
Main connection [MySQLi]: Access denied for user ''@'localhost' (using password: NO)
#0 C:\laragon\www\Neptune\system\Database\BaseConnection.php(625): CodeIgniter\Database\BaseConnection->initialize()
#1 C:\laragon\www\Neptune\system\Database\BaseBuilder.php(1881): CodeIgniter\Database\BaseConnection->query('SELECT *\nFROM `...', Array, false)
#2 C:\laragon\www\Neptune\system\Model.php(228): CodeIgniter\Database\BaseBuilder->get()
#3 C:\laragon\www\Neptune\system\BaseModel.php(644): CodeIgniter\Model->doFirst()
#4 C:\laragon\www\Neptune\app\Controllers\Users.php(190): CodeIgniter\BaseModel->first()
#5 C:\laragon\www\Neptune\system\CodeIgniter.php(928): App\Controllers\Users->connect()
#6 C:\laragon\www\Neptune\system\CodeIgniter.php(436): CodeIgniter\CodeIgniter->runController(Object(App\Controllers\Users))
#7 C:\laragon\www\Neptune\system\CodeIgniter.php(336): CodeIgniter\CodeIgniter->handleRequest(NULL, Object(Config\Cache), false)
#8 C:\laragon\www\Neptune\public\index.php(37): CodeIgniter\CodeIgniter->run()
#9 {main}
